<?xml version="1.0" encoding="UTF-8"?>
<!-- Generated by org.testng.reporters.JUnitReportReporter -->
<testsuite hostname="CNxiang.lx1" failures="0" tests="2" name="com.org.testng.ok.tw.testNg" time="0.013" errors="0" timestamp="30 Jul 2019 09:41:26 GMT">
  <testcase classname="com.org.testng.ok.tw.testNg" name="testNew" time="0.000"/>
  <testcase classname="com.org.testng.ok.tw.testNg" name="testAdd" time="0.013"/>
</testsuite> <!-- com.org.testng.ok.tw.testNg -->
